
=== Thu Sep 23 14:46:23 2021

Packages were changed.
Update Mode: mergeDefaultDependencies

The following packages were added:
  com.unity.collab-proxy@1.9.0
  com.unity.ide.visualstudio@2.0.11
  com.unity.modules.ai@1.0.0
  com.unity.modules.cloth@1.0.0
  com.unity.modules.director@1.0.0
  com.unity.modules.physics@1.0.0
  com.unity.modules.terrain@1.0.0
  com.unity.modules.terrainphysics@1.0.0
  com.unity.modules.umbra@1.0.0
  com.unity.modules.vehicles@1.0.0
  com.unity.modules.vr@1.0.0
  com.unity.modules.wind@1.0.0
  com.unity.modules.xr@1.0.0
  com.unity.timeline@1.5.6
  com.unity.visualscripting@1.6.1
The following packages were updated:
  com.unity.2d.animation from version 3.2.6 to 6.0.5
  com.unity.2d.pixel-perfect from version 2.0.4 to 5.0.1
  com.unity.2d.psdimporter from version 2.1.6 to 5.0.4
  com.unity.2d.spriteshape from version 3.0.14 to 6.0.1
  com.unity.ide.rider from version 1.1.4 to 3.0.7
  com.unity.ide.vscode from version 1.2.3 to 1.2.4
  com.unity.mobile.android-logcat from version 1.2.0 to 1.2.3
  com.unity.mobile.notifications from version 1.0.3 to 1.4.2
  com.unity.test-framework from version 1.1.20 to 1.1.29
  com.unity.textmeshpro from version 2.1.3 to 3.0.6

=== Thu Nov 11 17:36:17 2021

Packages were changed.
Update Mode: updateDependencies

The following packages were updated:
  com.unity.2d.animation from version 6.0.5 to 7.0.1
  com.unity.2d.psdimporter from version 5.0.4 to 6.0.1
  com.unity.2d.spriteshape from version 6.0.1 to 7.0.2
  com.unity.collab-proxy from version 1.9.0 to 1.13.5
  com.unity.timeline from version 1.5.6 to 1.6.2
  com.unity.visualscripting from version 1.6.1 to 1.7.5

=== Tue Nov 30 11:07:44 2021

Packages were changed.
Update Mode: updateDependencies

The following packages were updated:
  com.unity.2d.animation from version 7.0.1 to 7.0.2
  com.unity.2d.spriteshape from version 7.0.2 to 7.0.3
  com.unity.collab-proxy from version 1.13.5 to 1.15.1

=== Thu Jan 20 15:56:23 2022

Packages were changed.
Update Mode: resetToDefaultDependencies

The following packages were removed:
  com.unity.2d.animation@7.0.2
  com.unity.2d.pixel-perfect@5.0.1
  com.unity.2d.psdimporter@6.0.1
  com.unity.2d.sprite@1.0.0
  com.unity.2d.spriteshape@7.0.3
  com.unity.2d.tilemap@1.0.0
  com.unity.mobile.android-logcat@1.2.3
  com.unity.mobile.notifications@1.4.2

=== Thu Jan 20 17:25:39 2022

Packages were changed.
Update Mode: resetToDefaultDependencies

The following packages were added:
  com.unity.ugui@1.0.0
The following packages were updated:
  com.unity.collab-proxy from version 1.15.9 to 1.15.1
  com.unity.ide.rider from version 3.0.10 to 3.0.7
  com.unity.ide.visualstudio from version 2.0.14 to 2.0.11
  com.unity.test-framework from version 1.1.30 to 1.1.29
  com.unity.timeline from version 1.6.3 to 1.6.2
  com.unity.visualscripting from version 1.7.6 to 1.7.5

=== Thu Jan 20 18:45:49 2022

Packages were changed.
Update Mode: resetToDefaultDependencies

The following packages were updated:
  com.unity.ide.rider from version 3.0.10 to 3.0.7

=== Thu Jan 20 19:00:50 2022

Packages were changed.
Update Mode: resetToDefaultDependencies

The following packages were added:
  com.unity.ugui@1.0.0

=== Thu Jan 20 19:01:58 2022

Packages were changed.
Update Mode: resetToDefaultDependencies

The following packages were added:
  com.unity.ugui@1.0.0

=== Thu Jan 20 19:04:00 2022

Packages were changed.
Update Mode: updateDependencies

The following packages were updated:
  com.unity.collab-proxy from version 1.15.1 to 1.15.7
  com.unity.ide.rider from version 3.0.7 to 3.0.9
  com.unity.ide.visualstudio from version 2.0.11 to 2.0.12
  com.unity.timeline from version 1.6.2 to 1.6.3
  com.unity.visualscripting from version 1.7.5 to 1.7.6
